Analysis & Synthesis report for CaixaRegistradora
Fri Dec 20 04:54:16 2024
Quartus Prime Version 23.1std.1 Build 993 05/14/2024 SC Lite Edition


---------------------
; Table of Contents ;
---------------------
  1. Legal Notice
  2. Analysis & Synthesis Summary
  3. Analysis & Synthesis Settings
  4. Parallel Compilation
  5. Analysis & Synthesis Source Files Read
  6. Analysis & Synthesis Resource Usage Summary
  7. Analysis & Synthesis Resource Utilization by Entity
  8. Analysis & Synthesis DSP Block Usage Summary
  9. State Machine - |CaixaRegistradora|CURRENT_STATE
 10. Registers Removed During Synthesis
 11. General Register Statistics
 12. Inverted Register Statistics
 13. Multiplexer Restructuring Statistics (Restructuring Performed)
 14. Parameter Settings for Inferred Entity Instance: lpm_mult:Mult0
 15. Parameter Settings for Inferred Entity Instance: lpm_divide:Mod0
 16. Parameter Settings for Inferred Entity Instance: lpm_divide:Div0
 17. lpm_mult Parameter Settings by Entity Instance
 18. Post-Synthesis Netlist Statistics for Top Partition
 19. Elapsed Time Per Partition
 20. Analysis & Synthesis Messages



----------------
; Legal Notice ;
----------------
Copyright (C) 2024  Intel Corporation. All rights reserved.
Your use of Intel Corporation's design tools, logic functions 
and other software and tools, and any partner logic 
functions, and any output files from any of the foregoing 
(including device programming or simulation files), and any 
associated documentation or information are expressly subject 
to the terms and conditions of the Intel Program License 
Subscription Agreement, the Intel Quartus Prime License Agreement,
the Intel FPGA IP License Agreement, or other applicable license
agreement, including, without limitation, that your use is for
the sole purpose of programming logic devices manufactured by
Intel and sold by Intel or its authorized distributors.  Please
refer to the applicable agreement for further details, at
https://fpgasoftware.intel.com/eula.



+-------------------------------------------------------------------------------------+
; Analysis & Synthesis Summary                                                        ;
+------------------------------------+------------------------------------------------+
; Analysis & Synthesis Status        ; Successful - Fri Dec 20 04:54:16 2024          ;
; Quartus Prime Version              ; 23.1std.1 Build 993 05/14/2024 SC Lite Edition ;
; Revision Name                      ; CaixaRegistradora                              ;
; Top-level Entity Name              ; CaixaRegistradora                              ;
; Family                             ; MAX 10                                         ;
; Total logic elements               ; 2,530                                          ;
;     Total combinational functions  ; 2,530                                          ;
;     Dedicated logic registers      ; 65                                             ;
; Total registers                    ; 65                                             ;
; Total pins                         ; 46                                             ;
; Total virtual pins                 ; 0                                              ;
; Total memory bits                  ; 0                                              ;
; Embedded Multiplier 9-bit elements ; 4                                              ;
; Total PLLs                         ; 0                                              ;
; UFM blocks                         ; 0                                              ;
; ADC blocks                         ; 0                                              ;
+------------------------------------+------------------------------------------------+


+------------------------------------------------------------------------------------------------------------+
; Analysis & Synthesis Settings                                                                              ;
+------------------------------------------------------------------+--------------------+--------------------+
; Option                                                           ; Setting            ; Default Value      ;
+------------------------------------------------------------------+--------------------+--------------------+
; Device                                                           ; 10M50DAF484C7G     ;                    ;
; Top-level entity name                                            ; CaixaRegistradora  ; CaixaRegistradora  ;
; Family name                                                      ; MAX 10             ; Cyclone V          ;
; Use smart compilation                                            ; Off                ; Off                ;
; Enable parallel Assembler and Timing Analyzer during compilation ; On                 ; On                 ;
; Enable compact report table                                      ; Off                ; Off                ;
; Restructure Multiplexers                                         ; Auto               ; Auto               ;
; Create Debugging Nodes for IP Cores                              ; Off                ; Off                ;
; Preserve fewer node names                                        ; On                 ; On                 ;
; Intel FPGA IP Evaluation Mode                                    ; Enable             ; Enable             ;
; Verilog Version                                                  ; Verilog_2001       ; Verilog_2001       ;
; VHDL Version                                                     ; VHDL_1993          ; VHDL_1993          ;
; State Machine Processing                                         ; Auto               ; Auto               ;
; Safe State Machine                                               ; Off                ; Off                ;
; Extract Verilog State Machines                                   ; On                 ; On                 ;
; Extract VHDL State Machines                                      ; On                 ; On                 ;
; Ignore Verilog initial constructs                                ; Off                ; Off                ;
; Iteration limit for constant Verilog loops                       ; 5000               ; 5000               ;
; Iteration limit for non-constant Verilog loops                   ; 250                ; 250                ;
; Add Pass-Through Logic to Inferred RAMs                          ; On                 ; On                 ;
; Infer RAMs from Raw Logic                                        ; On                 ; On                 ;
; Parallel Synthesis                                               ; On                 ; On                 ;
; DSP Block Balancing                                              ; Auto               ; Auto               ;
; NOT Gate Push-Back                                               ; On                 ; On                 ;
; Power-Up Don't Care                                              ; On                 ; On                 ;
; Remove Redundant Logic Cells                                     ; Off                ; Off                ;
; Remove Duplicate Registers                                       ; On                 ; On                 ;
; Ignore CARRY Buffers                                             ; Off                ; Off                ;
; Ignore CASCADE Buffers                                           ; Off                ; Off                ;
; Ignore GLOBAL Buffers                                            ; Off                ; Off                ;
; Ignore ROW GLOBAL Buffers                                        ; Off                ; Off                ;
; Ignore LCELL Buffers                                             ; Off                ; Off                ;
; Ignore SOFT Buffers                                              ; On                 ; On                 ;
; Limit AHDL Integers to 32 Bits                                   ; Off                ; Off                ;
; Optimization Technique                                           ; Balanced           ; Balanced           ;
; Carry Chain Length                                               ; 70                 ; 70                 ;
; Auto Carry Chains                                                ; On                 ; On                 ;
; Auto Open-Drain Pins                                             ; On                 ; On                 ;
; Perform WYSIWYG Primitive Resynthesis                            ; Off                ; Off                ;
; Auto ROM Replacement                                             ; On                 ; On                 ;
; Auto RAM Replacement                                             ; On                 ; On                 ;
; Auto DSP Block Replacement                                       ; On                 ; On                 ;
; Auto Shift Register Replacement                                  ; Auto               ; Auto               ;
; Allow Shift Register Merging across Hierarchies                  ; Auto               ; Auto               ;
; Auto Clock Enable Replacement                                    ; On                 ; On                 ;
; Strict RAM Replacement                                           ; Off                ; Off                ;
; Allow Synchronous Control Signals                                ; On                 ; On                 ;
; Force Use of Synchronous Clear Signals                           ; Off                ; Off                ;
; Auto RAM Block Balancing                                         ; On                 ; On                 ;
; Auto RAM to Logic Cell Conversion                                ; Off                ; Off                ;
; Auto Resource Sharing                                            ; Off                ; Off                ;
; Allow Any RAM Size For Recognition                               ; Off                ; Off                ;
; Allow Any ROM Size For Recognition                               ; Off                ; Off                ;
; Allow Any Shift Register Size For Recognition                    ; Off                ; Off                ;
; Use LogicLock Constraints during Resource Balancing              ; On                 ; On                 ;
; Ignore translate_off and synthesis_off directives                ; Off                ; Off                ;
; Timing-Driven Synthesis                                          ; On                 ; On                 ;
; Report Parameter Settings                                        ; On                 ; On                 ;
; Report Source Assignments                                        ; On                 ; On                 ;
; Report Connectivity Checks                                       ; On                 ; On                 ;
; Ignore Maximum Fan-Out Assignments                               ; Off                ; Off                ;
; Synchronization Register Chain Length                            ; 2                  ; 2                  ;
; Power Optimization During Synthesis                              ; Normal compilation ; Normal compilation ;
; HDL message level                                                ; Level2             ; Level2             ;
; Suppress Register Optimization Related Messages                  ; Off                ; Off                ;
; Number of Removed Registers Reported in Synthesis Report         ; 5000               ; 5000               ;
; Number of Swept Nodes Reported in Synthesis Report               ; 5000               ; 5000               ;
; Number of Inverted Registers Reported in Synthesis Report        ; 100                ; 100                ;
; Clock MUX Protection                                             ; On                 ; On                 ;
; Auto Gated Clock Conversion                                      ; Off                ; Off                ;
; Block Design Naming                                              ; Auto               ; Auto               ;
; SDC constraint protection                                        ; Off                ; Off                ;
; Synthesis Effort                                                 ; Auto               ; Auto               ;
; Shift Register Replacement - Allow Asynchronous Clear Signal     ; On                 ; On                 ;
; Pre-Mapping Resynthesis Optimization                             ; Off                ; Off                ;
; Analysis & Synthesis Message Level                               ; Medium             ; Medium             ;
; Disable Register Merging Across Hierarchies                      ; Auto               ; Auto               ;
; Resource Aware Inference For Block RAM                           ; On                 ; On                 ;
+------------------------------------------------------------------+--------------------+--------------------+


+------------------------------------------+
; Parallel Compilation                     ;
+----------------------------+-------------+
; Processors                 ; Number      ;
+----------------------------+-------------+
; Number detected on machine ; 8           ;
; Maximum allowed            ; 8           ;
;                            ;             ;
; Average used               ; 1.01        ;
; Maximum used               ; 8           ;
;                            ;             ;
; Usage by Processor         ; % Time Used ;
;     Processor 1            ; 100.0%      ;
;     Processor 2            ;   0.1%      ;
;     Processor 3            ;   0.1%      ;
;     Processor 4            ;   0.1%      ;
;     Processor 5            ;   0.1%      ;
;     Processor 6            ;   0.1%      ;
;     Processor 7            ;   0.1%      ;
;     Processor 8            ;   0.1%      ;
+----------------------------+-------------+


+-----------------------------------------------------------------------------------------------------------------------------------------------------------------------------+
; Analysis & Synthesis Source Files Read                                                                                                                                      ;
+----------------------------------+-----------------+------------------------------+-------------------------------------------------------------------------------+---------+
; File Name with User-Entered Path ; Used in Netlist ; File Type                    ; File Name with Absolute Path                                                  ; Library ;
+----------------------------------+-----------------+------------------------------+-------------------------------------------------------------------------------+---------+
; CaixaRegistradora.vhd            ; yes             ; User VHDL File               ; D:/usuario/Documents/Registradora/CaixaRegistradora.vhd                       ;         ;
; Bcd_7seg.vhd                     ; yes             ; User VHDL File               ; D:/usuario/Documents/Registradora/Bcd_7seg.vhd                                ;         ;
; lpm_mult.tdf                     ; yes             ; Megafunction                 ; c:/intelfpga_lite/23.1std/quartus/libraries/megafunctions/lpm_mult.tdf        ;         ;
; aglobal231.inc                   ; yes             ; Megafunction                 ; c:/intelfpga_lite/23.1std/quartus/libraries/megafunctions/aglobal231.inc      ;         ;
; lpm_add_sub.inc                  ; yes             ; Megafunction                 ; c:/intelfpga_lite/23.1std/quartus/libraries/megafunctions/lpm_add_sub.inc     ;         ;
; multcore.inc                     ; yes             ; Megafunction                 ; c:/intelfpga_lite/23.1std/quartus/libraries/megafunctions/multcore.inc        ;         ;
; bypassff.inc                     ; yes             ; Megafunction                 ; c:/intelfpga_lite/23.1std/quartus/libraries/megafunctions/bypassff.inc        ;         ;
; altshift.inc                     ; yes             ; Megafunction                 ; c:/intelfpga_lite/23.1std/quartus/libraries/megafunctions/altshift.inc        ;         ;
; db/mult_ris.tdf                  ; yes             ; Auto-Generated Megafunction  ; D:/usuario/Documents/Registradora/db/mult_ris.tdf                             ;         ;
; lpm_divide.tdf                   ; yes             ; Megafunction                 ; c:/intelfpga_lite/23.1std/quartus/libraries/megafunctions/lpm_divide.tdf      ;         ;
; abs_divider.inc                  ; yes             ; Megafunction                 ; c:/intelfpga_lite/23.1std/quartus/libraries/megafunctions/abs_divider.inc     ;         ;
; sign_div_unsign.inc              ; yes             ; Megafunction                 ; c:/intelfpga_lite/23.1std/quartus/libraries/megafunctions/sign_div_unsign.inc ;         ;
; db/lpm_divide_25o.tdf            ; yes             ; Auto-Generated Megafunction  ; D:/usuario/Documents/Registradora/db/lpm_divide_25o.tdf                       ;         ;
; db/abs_divider_4dg.tdf           ; yes             ; Auto-Generated Megafunction  ; D:/usuario/Documents/Registradora/db/abs_divider_4dg.tdf                      ;         ;
; db/alt_u_div_ske.tdf             ; yes             ; Auto-Generated Megafunction  ; D:/usuario/Documents/Registradora/db/alt_u_div_ske.tdf                        ;         ;
; db/add_sub_t3c.tdf               ; yes             ; Auto-Generated Megafunction  ; D:/usuario/Documents/Registradora/db/add_sub_t3c.tdf                          ;         ;
; db/add_sub_u3c.tdf               ; yes             ; Auto-Generated Megafunction  ; D:/usuario/Documents/Registradora/db/add_sub_u3c.tdf                          ;         ;
; db/lpm_abs_8b9.tdf               ; yes             ; Auto-Generated Megafunction  ; D:/usuario/Documents/Registradora/db/lpm_abs_8b9.tdf                          ;         ;
; db/lpm_divide_ibo.tdf            ; yes             ; Auto-Generated Megafunction  ; D:/usuario/Documents/Registradora/db/lpm_divide_ibo.tdf                       ;         ;
; db/abs_divider_nbg.tdf           ; yes             ; Auto-Generated Megafunction  ; D:/usuario/Documents/Registradora/db/abs_divider_nbg.tdf                      ;         ;
; db/alt_u_div_2ie.tdf             ; yes             ; Auto-Generated Megafunction  ; D:/usuario/Documents/Registradora/db/alt_u_div_2ie.tdf                        ;         ;
; db/lpm_abs_r99.tdf               ; yes             ; Auto-Generated Megafunction  ; D:/usuario/Documents/Registradora/db/lpm_abs_r99.tdf                          ;         ;
+----------------------------------+-----------------+------------------------------+-------------------------------------------------------------------------------+---------+


+-----------------------------------------------------------------+
; Analysis & Synthesis Resource Usage Summary                     ;
+---------------------------------------------+-------------------+
; Resource                                    ; Usage             ;
+---------------------------------------------+-------------------+
; Estimated Total logic elements              ; 2,530             ;
;                                             ;                   ;
; Total combinational functions               ; 2530              ;
; Logic element usage by number of LUT inputs ;                   ;
;     -- 4 input functions                    ; 780               ;
;     -- 3 input functions                    ; 743               ;
;     -- <=2 input functions                  ; 1007              ;
;                                             ;                   ;
; Logic elements by mode                      ;                   ;
;     -- normal mode                          ; 1666              ;
;     -- arithmetic mode                      ; 864               ;
;                                             ;                   ;
; Total registers                             ; 65                ;
;     -- Dedicated logic registers            ; 65                ;
;     -- I/O registers                        ; 0                 ;
;                                             ;                   ;
; I/O pins                                    ; 46                ;
;                                             ;                   ;
; Embedded Multiplier 9-bit elements          ; 4                 ;
;                                             ;                   ;
; Maximum fan-out node                        ; current_timer[31] ;
; Maximum fan-out                             ; 181               ;
; Total fan-out                               ; 7534              ;
; Average fan-out                             ; 2.80              ;
+---------------------------------------------+-------------------+


+-------------------------------------------------------------------------------------------------------------------------------------------------------------------------------------------------------------------------------------------------------------------------------------------------------------------------------------------------+
; Analysis & Synthesis Resource Utilization by Entity                                                                                                                                                                                                                                                                                             ;
+---------------------------------------+---------------------+---------------------------+-------------+------------+--------------+---------+-----------+------+--------------+------------+-----------------------------------------------------------------------------------------------------------------+-------------------+--------------+
; Compilation Hierarchy Node            ; Combinational ALUTs ; Dedicated Logic Registers ; Memory Bits ; UFM Blocks ; DSP Elements ; DSP 9x9 ; DSP 18x18 ; Pins ; Virtual Pins ; ADC blocks ; Full Hierarchy Name                                                                                             ; Entity Name       ; Library Name ;
+---------------------------------------+---------------------+---------------------------+-------------+------------+--------------+---------+-----------+------+--------------+------------+-----------------------------------------------------------------------------------------------------------------+-------------------+--------------+
; |CaixaRegistradora                    ; 2530 (242)          ; 65 (65)                   ; 0           ; 0          ; 4            ; 0       ; 2         ; 46   ; 0            ; 0          ; |CaixaRegistradora                                                                                              ; CaixaRegistradora ; work         ;
;    |Bcd_7seg:inst_Bcd7seg1|           ; 7 (7)               ; 0 (0)                     ; 0           ; 0          ; 0            ; 0       ; 0         ; 0    ; 0            ; 0          ; |CaixaRegistradora|Bcd_7seg:inst_Bcd7seg1                                                                       ; Bcd_7seg          ; work         ;
;    |Bcd_7seg:inst_Bcd7seg2|           ; 7 (7)               ; 0 (0)                     ; 0           ; 0          ; 0            ; 0       ; 0         ; 0    ; 0            ; 0          ; |CaixaRegistradora|Bcd_7seg:inst_Bcd7seg2                                                                       ; Bcd_7seg          ; work         ;
;    |Bcd_7seg:inst_Bcd7seg3|           ; 7 (7)               ; 0 (0)                     ; 0           ; 0          ; 0            ; 0       ; 0         ; 0    ; 0            ; 0          ; |CaixaRegistradora|Bcd_7seg:inst_Bcd7seg3                                                                       ; Bcd_7seg          ; work         ;
;    |Bcd_7seg:inst_Bcd7seg4|           ; 7 (7)               ; 0 (0)                     ; 0           ; 0          ; 0            ; 0       ; 0         ; 0    ; 0            ; 0          ; |CaixaRegistradora|Bcd_7seg:inst_Bcd7seg4                                                                       ; Bcd_7seg          ; work         ;
;    |lpm_divide:Div0|                  ; 681 (0)             ; 0 (0)                     ; 0           ; 0          ; 0            ; 0       ; 0         ; 0    ; 0            ; 0          ; |CaixaRegistradora|lpm_divide:Div0                                                                              ; lpm_divide        ; work         ;
;       |lpm_divide_ibo:auto_generated| ; 681 (0)             ; 0 (0)                     ; 0           ; 0          ; 0            ; 0       ; 0         ; 0    ; 0            ; 0          ; |CaixaRegistradora|lpm_divide:Div0|lpm_divide_ibo:auto_generated                                                ; lpm_divide_ibo    ; work         ;
;          |abs_divider_nbg:divider|    ; 681 (56)            ; 0 (0)                     ; 0           ; 0          ; 0            ; 0       ; 0         ; 0    ; 0            ; 0          ; |CaixaRegistradora|lpm_divide:Div0|lpm_divide_ibo:auto_generated|abs_divider_nbg:divider                        ; abs_divider_nbg   ; work         ;
;             |alt_u_div_2ie:divider|   ; 625 (625)           ; 0 (0)                     ; 0           ; 0          ; 0            ; 0       ; 0         ; 0    ; 0            ; 0          ; |CaixaRegistradora|lpm_divide:Div0|lpm_divide_ibo:auto_generated|abs_divider_nbg:divider|alt_u_div_2ie:divider  ; alt_u_div_2ie     ; work         ;
;    |lpm_divide:Mod0|                  ; 1558 (0)            ; 0 (0)                     ; 0           ; 0          ; 0            ; 0       ; 0         ; 0    ; 0            ; 0          ; |CaixaRegistradora|lpm_divide:Mod0                                                                              ; lpm_divide        ; work         ;
;       |lpm_divide_25o:auto_generated| ; 1558 (0)            ; 0 (0)                     ; 0           ; 0          ; 0            ; 0       ; 0         ; 0    ; 0            ; 0          ; |CaixaRegistradora|lpm_divide:Mod0|lpm_divide_25o:auto_generated                                                ; lpm_divide_25o    ; work         ;
;          |abs_divider_4dg:divider|    ; 1558 (62)           ; 0 (0)                     ; 0           ; 0          ; 0            ; 0       ; 0         ; 0    ; 0            ; 0          ; |CaixaRegistradora|lpm_divide:Mod0|lpm_divide_25o:auto_generated|abs_divider_4dg:divider                        ; abs_divider_4dg   ; work         ;
;             |alt_u_div_ske:divider|   ; 1445 (1445)         ; 0 (0)                     ; 0           ; 0          ; 0            ; 0       ; 0         ; 0    ; 0            ; 0          ; |CaixaRegistradora|lpm_divide:Mod0|lpm_divide_25o:auto_generated|abs_divider_4dg:divider|alt_u_div_ske:divider  ; alt_u_div_ske     ; work         ;
;             |lpm_abs_8b9:my_abs_num|  ; 51 (51)             ; 0 (0)                     ; 0           ; 0          ; 0            ; 0       ; 0         ; 0    ; 0            ; 0          ; |CaixaRegistradora|lpm_divide:Mod0|lpm_divide_25o:auto_generated|abs_divider_4dg:divider|lpm_abs_8b9:my_abs_num ; lpm_abs_8b9       ; work         ;
;    |lpm_mult:Mult0|                   ; 21 (0)              ; 0 (0)                     ; 0           ; 0          ; 4            ; 0       ; 2         ; 0    ; 0            ; 0          ; |CaixaRegistradora|lpm_mult:Mult0                                                                               ; lpm_mult          ; work         ;
;       |mult_ris:auto_generated|       ; 21 (21)             ; 0 (0)                     ; 0           ; 0          ; 4            ; 0       ; 2         ; 0    ; 0            ; 0          ; |CaixaRegistradora|lpm_mult:Mult0|mult_ris:auto_generated                                                       ; mult_ris          ; work         ;
+---------------------------------------+---------------------+---------------------------+-------------+------------+--------------+---------+-----------+------+--------------+------------+-----------------------------------------------------------------------------------------------------------------+-------------------+--------------+
Note: For table entries with two numbers listed, the numbers in parentheses indicate the number of resources of the given type used by the specific entity alone. The numbers listed outside of parentheses indicate the total resources of the given type used by the specific entity and all of its sub-entities in the hierarchy.


+-----------------------------------------------------+
; Analysis & Synthesis DSP Block Usage Summary        ;
+---------------------------------------+-------------+
; Statistic                             ; Number Used ;
+---------------------------------------+-------------+
; Simple Multipliers (9-bit)            ; 0           ;
; Simple Multipliers (18-bit)           ; 2           ;
; Embedded Multiplier Blocks            ; --          ;
; Embedded Multiplier 9-bit elements    ; 4           ;
; Signed Embedded Multipliers           ; 1           ;
; Unsigned Embedded Multipliers         ; 0           ;
; Mixed Sign Embedded Multipliers       ; 1           ;
; Variable Sign Embedded Multipliers    ; 0           ;
; Dedicated Input Shift Register Chains ; 0           ;
+---------------------------------------+-------------+
Note: number of Embedded Multiplier Blocks used is only available after a successful fit.


Encoding Type:  One-Hot
+-------------------------------------------------------------------------------------------------------------------------------------+
; State Machine - |CaixaRegistradora|CURRENT_STATE                                                                                    ;
+------------------------------+--------------------+------------------------------+-----------------------------+--------------------+
; Name                         ; CURRENT_STATE.DONE ; CURRENT_STATE.UPDATE_DISPLAY ; CURRENT_STATE.PROCESS_INPUT ; CURRENT_STATE.IDLE ;
+------------------------------+--------------------+------------------------------+-----------------------------+--------------------+
; CURRENT_STATE.IDLE           ; 0                  ; 0                            ; 0                           ; 0                  ;
; CURRENT_STATE.PROCESS_INPUT  ; 0                  ; 0                            ; 1                           ; 1                  ;
; CURRENT_STATE.UPDATE_DISPLAY ; 0                  ; 1                            ; 0                           ; 1                  ;
; CURRENT_STATE.DONE           ; 1                  ; 0                            ; 0                           ; 1                  ;
+------------------------------+--------------------+------------------------------+-----------------------------+--------------------+


+------------------------------------------------------------+
; Registers Removed During Synthesis                         ;
+---------------------------------------+--------------------+
; Register name                         ; Reason for Removal ;
+---------------------------------------+--------------------+
; CURRENT_STATE.PROCESS_INPUT           ; Lost fanout        ;
; CURRENT_STATE.IDLE                    ; Lost fanout        ;
; CURRENT_STATE.UPDATE_DISPLAY          ; Lost fanout        ;
; CURRENT_STATE.DONE                    ; Lost fanout        ;
; Total Number of Removed Registers = 4 ;                    ;
+---------------------------------------+--------------------+


+------------------------------------------------------+
; General Register Statistics                          ;
+----------------------------------------------+-------+
; Statistic                                    ; Value ;
+----------------------------------------------+-------+
; Total registers                              ; 65    ;
; Number of registers using Synchronous Clear  ; 0     ;
; Number of registers using Synchronous Load   ; 0     ;
; Number of registers using Asynchronous Clear ; 32    ;
; Number of registers using Asynchronous Load  ; 0     ;
; Number of registers using Clock Enable       ; 0     ;
; Number of registers using Preset             ; 0     ;
+----------------------------------------------+-------+


+--------------------------------------------------+
; Inverted Register Statistics                     ;
+----------------------------------------+---------+
; Inverted Register                      ; Fan out ;
+----------------------------------------+---------+
; current_timer[10]                      ; 12      ;
; current_timer[4]                       ; 14      ;
; current_timer[5]                       ; 13      ;
; current_timer[7]                       ; 12      ;
; Total number of inverted registers = 4 ;         ;
+----------------------------------------+---------+


+----------------------------------------------------------------------------------------------------------------------------------------------------+
; Multiplexer Restructuring Statistics (Restructuring Performed)                                                                                     ;
+--------------------+-----------+---------------+----------------------+------------------------+------------+--------------------------------------+
; Multiplexer Inputs ; Bus Width ; Baseline Area ; Area if Restructured ; Saving if Restructured ; Registered ; Example Multiplexer Output           ;
+--------------------+-----------+---------------+----------------------+------------------------+------------+--------------------------------------+
; 3:1                ; 28 bits   ; 56 LEs        ; 56 LEs               ; 0 LEs                  ; Yes        ; |CaixaRegistradora|current_timer[17] ;
; 3:1                ; 4 bits    ; 8 LEs         ; 8 LEs                ; 0 LEs                  ; Yes        ; |CaixaRegistradora|current_timer[7]  ;
+--------------------+-----------+---------------+----------------------+------------------------+------------+--------------------------------------+


+---------------------------------------------------------------------------------+
; Parameter Settings for Inferred Entity Instance: lpm_mult:Mult0                 ;
+------------------------------------------------+----------+---------------------+
; Parameter Name                                 ; Value    ; Type                ;
+------------------------------------------------+----------+---------------------+
; AUTO_CARRY_CHAINS                              ; ON       ; AUTO_CARRY          ;
; IGNORE_CARRY_BUFFERS                           ; OFF      ; IGNORE_CARRY        ;
; AUTO_CASCADE_CHAINS                            ; ON       ; AUTO_CASCADE        ;
; IGNORE_CASCADE_BUFFERS                         ; OFF      ; IGNORE_CASCADE      ;
; LPM_WIDTHA                                     ; 32       ; Untyped             ;
; LPM_WIDTHB                                     ; 8        ; Untyped             ;
; LPM_WIDTHP                                     ; 40       ; Untyped             ;
; LPM_WIDTHR                                     ; 40       ; Untyped             ;
; LPM_WIDTHS                                     ; 1        ; Untyped             ;
; LPM_REPRESENTATION                             ; SIGNED   ; Untyped             ;
; LPM_PIPELINE                                   ; 0        ; Untyped             ;
; LATENCY                                        ; 0        ; Untyped             ;
; INPUT_A_IS_CONSTANT                            ; NO       ; Untyped             ;
; INPUT_B_IS_CONSTANT                            ; YES      ; Untyped             ;
; USE_EAB                                        ; OFF      ; Untyped             ;
; MAXIMIZE_SPEED                                 ; 5        ; Untyped             ;
; DEVICE_FAMILY                                  ; MAX 10   ; Untyped             ;
; CARRY_CHAIN                                    ; MANUAL   ; Untyped             ;
; APEX20K_TECHNOLOGY_MAPPER                      ; LUT      ; TECH_MAPPER_APEX20K ;
; DEDICATED_MULTIPLIER_CIRCUITRY                 ; AUTO     ; Untyped             ;
; DEDICATED_MULTIPLIER_MIN_INPUT_WIDTH_FOR_AUTO  ; 0        ; Untyped             ;
; DEDICATED_MULTIPLIER_MIN_OUTPUT_WIDTH_FOR_AUTO ; 0        ; Untyped             ;
; CBXI_PARAMETER                                 ; mult_ris ; Untyped             ;
; INPUT_A_FIXED_VALUE                            ; Bx       ; Untyped             ;
; INPUT_B_FIXED_VALUE                            ; Bx       ; Untyped             ;
; USE_AHDL_IMPLEMENTATION                        ; OFF      ; Untyped             ;
+------------------------------------------------+----------+---------------------+
Note: In order to hide this table in the UI and the text report file, please set the "Show Parameter Settings in Synthesis Report" option in "Analysis and Synthesis Settings -> More Settings" to "Off".


+------------------------------------------------------------------+
; Parameter Settings for Inferred Entity Instance: lpm_divide:Mod0 ;
+------------------------+----------------+------------------------+
; Parameter Name         ; Value          ; Type                   ;
+------------------------+----------------+------------------------+
; LPM_WIDTHN             ; 32             ; Untyped                ;
; LPM_WIDTHD             ; 32             ; Untyped                ;
; LPM_NREPRESENTATION    ; SIGNED         ; Untyped                ;
; LPM_DREPRESENTATION    ; SIGNED         ; Untyped                ;
; LPM_PIPELINE           ; 0              ; Untyped                ;
; LPM_REMAINDERPOSITIVE  ; FALSE          ; Untyped                ;
; MAXIMIZE_SPEED         ; 5              ; Untyped                ;
; CBXI_PARAMETER         ; lpm_divide_25o ; Untyped                ;
; CARRY_CHAIN            ; MANUAL         ; Untyped                ;
; OPTIMIZE_FOR_SPEED     ; 5              ; Untyped                ;
; AUTO_CARRY_CHAINS      ; ON             ; AUTO_CARRY             ;
; IGNORE_CARRY_BUFFERS   ; OFF            ; IGNORE_CARRY           ;
; AUTO_CASCADE_CHAINS    ; ON             ; AUTO_CASCADE           ;
; IGNORE_CASCADE_BUFFERS ; OFF            ; IGNORE_CASCADE         ;
+------------------------+----------------+------------------------+
Note: In order to hide this table in the UI and the text report file, please set the "Show Parameter Settings in Synthesis Report" option in "Analysis and Synthesis Settings -> More Settings" to "Off".


+------------------------------------------------------------------+
; Parameter Settings for Inferred Entity Instance: lpm_divide:Div0 ;
+------------------------+----------------+------------------------+
; Parameter Name         ; Value          ; Type                   ;
+------------------------+----------------+------------------------+
; LPM_WIDTHN             ; 32             ; Untyped                ;
; LPM_WIDTHD             ; 8              ; Untyped                ;
; LPM_NREPRESENTATION    ; SIGNED         ; Untyped                ;
; LPM_DREPRESENTATION    ; SIGNED         ; Untyped                ;
; LPM_PIPELINE           ; 0              ; Untyped                ;
; LPM_REMAINDERPOSITIVE  ; FALSE          ; Untyped                ;
; MAXIMIZE_SPEED         ; 5              ; Untyped                ;
; CBXI_PARAMETER         ; lpm_divide_ibo ; Untyped                ;
; CARRY_CHAIN            ; MANUAL         ; Untyped                ;
; OPTIMIZE_FOR_SPEED     ; 5              ; Untyped                ;
; AUTO_CARRY_CHAINS      ; ON             ; AUTO_CARRY             ;
; IGNORE_CARRY_BUFFERS   ; OFF            ; IGNORE_CARRY           ;
; AUTO_CASCADE_CHAINS    ; ON             ; AUTO_CASCADE           ;
; IGNORE_CASCADE_BUFFERS ; OFF            ; IGNORE_CASCADE         ;
+------------------------+----------------+------------------------+
Note: In order to hide this table in the UI and the text report file, please set the "Show Parameter Settings in Synthesis Report" option in "Analysis and Synthesis Settings -> More Settings" to "Off".


+--------------------------------------------------------+
; lpm_mult Parameter Settings by Entity Instance         ;
+---------------------------------------+----------------+
; Name                                  ; Value          ;
+---------------------------------------+----------------+
; Number of entity instances            ; 1              ;
; Entity Instance                       ; lpm_mult:Mult0 ;
;     -- LPM_WIDTHA                     ; 32             ;
;     -- LPM_WIDTHB                     ; 8              ;
;     -- LPM_WIDTHP                     ; 40             ;
;     -- LPM_REPRESENTATION             ; SIGNED         ;
;     -- INPUT_A_IS_CONSTANT            ; NO             ;
;     -- INPUT_B_IS_CONSTANT            ; YES            ;
;     -- USE_EAB                        ; OFF            ;
;     -- DEDICATED_MULTIPLIER_CIRCUITRY ; AUTO           ;
;     -- INPUT_A_FIXED_VALUE            ; Bx             ;
;     -- INPUT_B_FIXED_VALUE            ; Bx             ;
+---------------------------------------+----------------+


+-----------------------------------------------------+
; Post-Synthesis Netlist Statistics for Top Partition ;
+-----------------------+-----------------------------+
; Type                  ; Count                       ;
+-----------------------+-----------------------------+
; boundary_port         ; 46                          ;
; cycloneiii_ff         ; 65                          ;
;     CLR               ; 32                          ;
;     plain             ; 33                          ;
; cycloneiii_lcell_comb ; 2538                        ;
;     arith             ; 864                         ;
;         1 data inputs ; 1                           ;
;         2 data inputs ; 166                         ;
;         3 data inputs ; 697                         ;
;     normal            ; 1674                        ;
;         0 data inputs ; 54                          ;
;         1 data inputs ; 14                          ;
;         2 data inputs ; 780                         ;
;         3 data inputs ; 46                          ;
;         4 data inputs ; 780                         ;
; cycloneiii_mac_mult   ; 2                           ;
; cycloneiii_mac_out    ; 2                           ;
;                       ;                             ;
; Max LUT depth         ; 119.20                      ;
; Average LUT depth     ; 96.67                       ;
+-----------------------+-----------------------------+


+-------------------------------+
; Elapsed Time Per Partition    ;
+----------------+--------------+
; Partition Name ; Elapsed Time ;
+----------------+--------------+
; Top            ; 00:00:13     ;
+----------------+--------------+


+-------------------------------+
; Analysis & Synthesis Messages ;
+-------------------------------+
Info: *******************************************************************
Info: Running Quartus Prime Analysis & Synthesis
    Info: Version 23.1std.1 Build 993 05/14/2024 SC Lite Edition
    Info: Processing started: Fri Dec 20 04:53:33 2024
Info: Command: quartus_map --read_settings_files=on --write_settings_files=off CaixaRegistradora -c CaixaRegistradora
Warning (18236): Number of processors has not been specified which may cause overloading on shared machines.  Set the global assignment NUM_PARALLEL_PROCESSORS in your QSF to an appropriate value for best performance.
Info (20030): Parallel compilation is enabled and will use 8 of the 8 processors detected
Info (12021): Found 2 design units, including 1 entities, in source file caixaregistradora.vhd
    Info (12022): Found design unit 1: CaixaRegistradora-Behavioral File: D:/usuario/Documents/Registradora/CaixaRegistradora.vhd Line: 21
    Info (12023): Found entity 1: CaixaRegistradora File: D:/usuario/Documents/Registradora/CaixaRegistradora.vhd Line: 9
Info (12021): Found 2 design units, including 1 entities, in source file caixaregistradora_tb.vhd
    Info (12022): Found design unit 1: CaixaRegistradora_tb-Behavioral File: D:/usuario/Documents/Registradora/CaixaRegistradora_tb.vhd Line: 8
    Info (12023): Found entity 1: CaixaRegistradora_tb File: D:/usuario/Documents/Registradora/CaixaRegistradora_tb.vhd Line: 5
Info (12021): Found 2 design units, including 1 entities, in source file bcd_7seg.vhd
    Info (12022): Found design unit 1: Bcd_7seg-with_select_bcd7seg File: D:/usuario/Documents/Registradora/Bcd_7seg.vhd Line: 13
    Info (12023): Found entity 1: Bcd_7seg File: D:/usuario/Documents/Registradora/Bcd_7seg.vhd Line: 6
Info (12127): Elaborating entity "CaixaRegistradora" for the top level hierarchy
Warning (10492): VHDL Process Statement warning at CaixaRegistradora.vhd(113): signal "file_opened" is read inside the Process Statement but isn't in the Process Statement's sensitivity list File: D:/usuario/Documents/Registradora/CaixaRegistradora.vhd Line: 113
Warning (10492): VHDL Process Statement warning at CaixaRegistradora.vhd(148): signal "operation" is read inside the Process Statement but isn't in the Process Statement's sensitivity list File: D:/usuario/Documents/Registradora/CaixaRegistradora.vhd Line: 148
Warning (10492): VHDL Process Statement warning at CaixaRegistradora.vhd(149): signal "reg_value" is read inside the Process Statement but isn't in the Process Statement's sensitivity list File: D:/usuario/Documents/Registradora/CaixaRegistradora.vhd Line: 149
Warning (10492): VHDL Process Statement warning at CaixaRegistradora.vhd(149): signal "keyboard_val" is read inside the Process Statement but isn't in the Process Statement's sensitivity list File: D:/usuario/Documents/Registradora/CaixaRegistradora.vhd Line: 149
Warning (10492): VHDL Process Statement warning at CaixaRegistradora.vhd(150): signal "operation" is read inside the Process Statement but isn't in the Process Statement's sensitivity list File: D:/usuario/Documents/Registradora/CaixaRegistradora.vhd Line: 150
Warning (10492): VHDL Process Statement warning at CaixaRegistradora.vhd(151): signal "reg_value" is read inside the Process Statement but isn't in the Process Statement's sensitivity list File: D:/usuario/Documents/Registradora/CaixaRegistradora.vhd Line: 151
Warning (10492): VHDL Process Statement warning at CaixaRegistradora.vhd(151): signal "keyboard_val" is read inside the Process Statement but isn't in the Process Statement's sensitivity list File: D:/usuario/Documents/Registradora/CaixaRegistradora.vhd Line: 151
Warning (10492): VHDL Process Statement warning at CaixaRegistradora.vhd(158): signal "operation" is read inside the Process Statement but isn't in the Process Statement's sensitivity list File: D:/usuario/Documents/Registradora/CaixaRegistradora.vhd Line: 158
Warning (10492): VHDL Process Statement warning at CaixaRegistradora.vhd(160): signal "operation" is read inside the Process Statement but isn't in the Process Statement's sensitivity list File: D:/usuario/Documents/Registradora/CaixaRegistradora.vhd Line: 160
Warning (10492): VHDL Process Statement warning at CaixaRegistradora.vhd(165): signal "keyboard_val" is read inside the Process Statement but isn't in the Process Statement's sensitivity list File: D:/usuario/Documents/Registradora/CaixaRegistradora.vhd Line: 165
Warning (10492): VHDL Process Statement warning at CaixaRegistradora.vhd(167): signal "reg_value" is read inside the Process Statement but isn't in the Process Statement's sensitivity list File: D:/usuario/Documents/Registradora/CaixaRegistradora.vhd Line: 167
Warning (10492): VHDL Process Statement warning at CaixaRegistradora.vhd(169): signal "current_timer" is read inside the Process Statement but isn't in the Process Statement's sensitivity list File: D:/usuario/Documents/Registradora/CaixaRegistradora.vhd Line: 169
Warning (10631): VHDL Process Statement warning at CaixaRegistradora.vhd(103): inferring latch(es) for signal or variable "reg_value", which holds its previous value in one or more paths through the process File: D:/usuario/Documents/Registradora/CaixaRegistradora.vhd Line: 103
Warning (10631): VHDL Process Statement warning at CaixaRegistradora.vhd(103): inferring latch(es) for signal or variable "NEXT_STATE", which holds its previous value in one or more paths through the process File: D:/usuario/Documents/Registradora/CaixaRegistradora.vhd Line: 103
Info (10041): Inferred latch for "NEXT_STATE.DONE" at CaixaRegistradora.vhd(103) File: D:/usuario/Documents/Registradora/CaixaRegistradora.vhd Line: 103
Info (10041): Inferred latch for "NEXT_STATE.UPDATE_DISPLAY" at CaixaRegistradora.vhd(103) File: D:/usuario/Documents/Registradora/CaixaRegistradora.vhd Line: 103
Info (10041): Inferred latch for "NEXT_STATE.PROCESS_INPUT" at CaixaRegistradora.vhd(103) File: D:/usuario/Documents/Registradora/CaixaRegistradora.vhd Line: 103
Info (10041): Inferred latch for "NEXT_STATE.IDLE" at CaixaRegistradora.vhd(103) File: D:/usuario/Documents/Registradora/CaixaRegistradora.vhd Line: 103
Info (12128): Elaborating entity "Bcd_7seg" for hierarchy "Bcd_7seg:inst_Bcd7seg1" File: D:/usuario/Documents/Registradora/CaixaRegistradora.vhd Line: 194
Info (278001): Inferred 3 megafunctions from design logic
    Info (278003): Inferred multiplier megafunction ("lpm_mult") from the following logic: "Mult0" File: D:/usuario/Documents/Registradora/CaixaRegistradora.vhd Line: 84
    Info (278004): Inferred divider/modulo megafunction ("lpm_divide") from the following logic: "Mod0" File: D:/usuario/Documents/Registradora/CaixaRegistradora.vhd Line: 80
    Info (278004): Inferred divider/modulo megafunction ("lpm_divide") from the following logic: "Div0" File: D:/usuario/Documents/Registradora/CaixaRegistradora.vhd Line: 84
Info (12130): Elaborated megafunction instantiation "lpm_mult:Mult0" File: D:/usuario/Documents/Registradora/CaixaRegistradora.vhd Line: 84
Info (12133): Instantiated megafunction "lpm_mult:Mult0" with the following parameter: File: D:/usuario/Documents/Registradora/CaixaRegistradora.vhd Line: 84
    Info (12134): Parameter "LPM_WIDTHA" = "32"
    Info (12134): Parameter "LPM_WIDTHB" = "8"
    Info (12134): Parameter "LPM_WIDTHP" = "40"
    Info (12134): Parameter "LPM_WIDTHR" = "40"
    Info (12134): Parameter "LPM_WIDTHS" = "1"
    Info (12134): Parameter "LPM_REPRESENTATION" = "SIGNED"
    Info (12134): Parameter "INPUT_A_IS_CONSTANT" = "NO"
    Info (12134): Parameter "INPUT_B_IS_CONSTANT" = "YES"
    Info (12134): Parameter "MAXIMIZE_SPEED" = "5"
Info (12021): Found 1 design units, including 1 entities, in source file db/mult_ris.tdf
    Info (12023): Found entity 1: mult_ris File: D:/usuario/Documents/Registradora/db/mult_ris.tdf Line: 31
Info (12130): Elaborated megafunction instantiation "lpm_divide:Mod0" File: D:/usuario/Documents/Registradora/CaixaRegistradora.vhd Line: 80
Info (12133): Instantiated megafunction "lpm_divide:Mod0" with the following parameter: File: D:/usuario/Documents/Registradora/CaixaRegistradora.vhd Line: 80
    Info (12134): Parameter "LPM_WIDTHN" = "32"
    Info (12134): Parameter "LPM_WIDTHD" = "32"
    Info (12134): Parameter "LPM_NREPRESENTATION" = "SIGNED"
    Info (12134): Parameter "LPM_DREPRESENTATION" = "SIGNED"
    Info (12134): Parameter "LPM_HINT" = "LPM_REMAINDERPOSITIVE=FALSE"
Info (12021): Found 1 design units, including 1 entities, in source file db/lpm_divide_25o.tdf
    Info (12023): Found entity 1: lpm_divide_25o File: D:/usuario/Documents/Registradora/db/lpm_divide_25o.tdf Line: 25
Info (12021): Found 1 design units, including 1 entities, in source file db/abs_divider_4dg.tdf
    Info (12023): Found entity 1: abs_divider_4dg File: D:/usuario/Documents/Registradora/db/abs_divider_4dg.tdf Line: 27
Info (12021): Found 1 design units, including 1 entities, in source file db/alt_u_div_ske.tdf
    Info (12023): Found entity 1: alt_u_div_ske File: D:/usuario/Documents/Registradora/db/alt_u_div_ske.tdf Line: 27
Info (12021): Found 1 design units, including 1 entities, in source file db/add_sub_t3c.tdf
    Info (12023): Found entity 1: add_sub_t3c File: D:/usuario/Documents/Registradora/db/add_sub_t3c.tdf Line: 23
Info (12021): Found 1 design units, including 1 entities, in source file db/add_sub_u3c.tdf
    Info (12023): Found entity 1: add_sub_u3c File: D:/usuario/Documents/Registradora/db/add_sub_u3c.tdf Line: 23
Info (12021): Found 1 design units, including 1 entities, in source file db/lpm_abs_8b9.tdf
    Info (12023): Found entity 1: lpm_abs_8b9 File: D:/usuario/Documents/Registradora/db/lpm_abs_8b9.tdf Line: 25
Info (12130): Elaborated megafunction instantiation "lpm_divide:Div0" File: D:/usuario/Documents/Registradora/CaixaRegistradora.vhd Line: 84
Info (12133): Instantiated megafunction "lpm_divide:Div0" with the following parameter: File: D:/usuario/Documents/Registradora/CaixaRegistradora.vhd Line: 84
    Info (12134): Parameter "LPM_WIDTHN" = "32"
    Info (12134): Parameter "LPM_WIDTHD" = "8"
    Info (12134): Parameter "LPM_NREPRESENTATION" = "SIGNED"
    Info (12134): Parameter "LPM_DREPRESENTATION" = "SIGNED"
    Info (12134): Parameter "LPM_HINT" = "LPM_REMAINDERPOSITIVE=FALSE"
Info (12021): Found 1 design units, including 1 entities, in source file db/lpm_divide_ibo.tdf
    Info (12023): Found entity 1: lpm_divide_ibo File: D:/usuario/Documents/Registradora/db/lpm_divide_ibo.tdf Line: 25
Info (12021): Found 1 design units, including 1 entities, in source file db/abs_divider_nbg.tdf
    Info (12023): Found entity 1: abs_divider_nbg File: D:/usuario/Documents/Registradora/db/abs_divider_nbg.tdf Line: 29
Info (12021): Found 1 design units, including 1 entities, in source file db/alt_u_div_2ie.tdf
    Info (12023): Found entity 1: alt_u_div_2ie File: D:/usuario/Documents/Registradora/db/alt_u_div_2ie.tdf Line: 27
Info (12021): Found 1 design units, including 1 entities, in source file db/lpm_abs_r99.tdf
    Info (12023): Found entity 1: lpm_abs_r99 File: D:/usuario/Documents/Registradora/db/lpm_abs_r99.tdf Line: 25
Info (13014): Ignored 112 buffer(s)
    Info (13016): Ignored 62 CARRY_SUM buffer(s)
    Info (13019): Ignored 50 SOFT buffer(s)
Info (286030): Timing-Driven Synthesis is running
Info (17049): 4 registers lost all their fanouts during netlist optimizations.
Info (16010): Generating hard_block partition "hard_block:auto_generated_inst"
    Info (16011): Adding 0 node(s), including 0 DDIO, 0 PLL, 0 transceiver and 0 LCELL
Info (21057): Implemented 2580 device resources after synthesis - the final resource count might be different
    Info (21058): Implemented 2 input pins
    Info (21059): Implemented 44 output pins
    Info (21061): Implemented 2530 logic cells
    Info (21062): Implemented 4 DSP elements
Info: Quartus Prime Analysis & Synthesis was successful. 0 errors, 15 warnings
    Info: Peak virtual memory: 4893 megabytes
    Info: Processing ended: Fri Dec 20 04:54:17 2024
    Info: Elapsed time: 00:00:44
    Info: Total CPU time (on all processors): 00:01:12


